{
  "RSpec": {
    "coverage": {
      "/home/protons/assessment/app/helpers/application_helper.rb": {
        "lines": [
          1,
          null
        ]
      },
      "/home/protons/assessment/app/helpers/details_helper.rb": {
        "lines": [
          1,
          null
        ]
      },
      "/home/protons/assessment/app/helpers/persons_helper.rb": {
        "lines": [
          1,
          null
        ]
      },
      "/home/protons/assessment/app/controllers/persons_controller.rb": {
        "lines": [
          1,
          1,
          null,
          1,
          0,
          0,
          0,
          null,
          0,
          null,
          null,
          null,
          1,
          0,
          0,
          0,
          null,
          0,
          null,
          null,
          null,
          1,
          null,
          1,
          0,
          null,
          null,
          null
        ]
      },
      "/home/protons/assessment/app/controllers/application_controller.rb": {
        "lines": [
          1,
          null
        ]
      },
      "/home/protons/assessment/app/models/detail.rb": {
        "lines": [
          1,
          1,
          1,
          null
        ]
      },
      "/home/protons/assessment/app/models/application_record.rb": {
        "lines": [
          1,
          1,
          null
        ]
      },
      "/home/protons/assessment/app/models/person.rb": {
        "lines": [
          1,
          1,
          1,
          null
        ]
      },
      "/home/protons/assessment/app/controllers/details_controller.rb": {
        "lines": [
          0,
          0,
          null,
          0,
          0,
          0,
          0,
          0,
          0,
          0,
          0,
          null,
          0,
          0,
          null,
          0,
          0,
          0,
          0,
          0,
          0,
          null,
          null,
          0,
          null,
          0,
          0,
          0,
          null,
          0
        ],
        "branches": {
        }
      },
      "/home/protons/assessment/app/jobs/application_job.rb": {
        "lines": [
          0,
          null,
          null,
          null,
          null,
          null,
          0
        ],
        "branches": {
        }
      },
      "/home/protons/assessment/app/mailers/application_mailer.rb": {
        "lines": [
          0,
          0,
          0,
          0
        ],
        "branches": {
        }
      }
    },
    "timestamp": 1709323107
  }
}
